C51 COMPILER V9.01   STC8X_POWER                                                           08/04/2021 11:57:18 PAGE 1   


C51 COMPILER V9.01, COMPILATION OF MODULE STC8X_POWER
OBJECT MODULE PLACED IN .\build\STC8x_POWER.obj
COMPILER INVOKED BY: D:\Keil_v5\C51\BIN\C51.EXE ..\..\libraries\peripherals\STC8x\src\STC8x_POWER.c LARGE OMF2 OPTIMIZE(
                    -9,SPEED) BROWSE INCDIR(..\..\libraries;..\..\libraries\core;..\..\libraries\core\register\STC8x;..\..\libraries\core\sta
                    -rtup\STC8x;..\..\libraries\drives;..\..\libraries\drives\KeyScan;..\..\libraries\peripherals;..\..\libraries\peripherals
                    -\STC8x\inc;..\..\libraries\peripherals\STC8x\src;..\..\libraries\components;..\..\libraries\components\TMT;..\..\librari
                    -es\components\PrintfRed;..\..\libraries\components\PreDelay;.\main;.\application) DEBUG PRINT(.\build\STC8x_POWER.lst) O
                    -BJECT(.\build\STC8x_POWER.obj)

line level    source

   1          /*-----------------------------------------------------------------------
   2          |                            FILE DESCRIPTION                           |
   3          -----------------------------------------------------------------------*/
   4          /*----------------------------------------------------------------------
   5            - File name     : STC8x_POWER.c
   6            - Author        : zeweni
   7            - Update date   : 2020.02.06
   8            -     Copyright(C)  : 2020-2021 zeweni. All rights reserved.
   9          -----------------------------------------------------------------------*/
  10          /*------------------------------------------------------------------------
  11          |                            COPYRIGHT NOTICE                            |
  12          ------------------------------------------------------------------------*/
  13          /*
  14           * Copyright (C) 2021, zeweni (17870070675@163.com)
  15          
  16           * This file is part of 8051 ELL low-layer libraries.
  17          
  18           * 8051 ELL low-layer libraries is free software: you can redistribute 
  19           * it and/or modify it under the terms of the Apache-2.0 License.
  20          
  21           * 8051 ELL low-layer libraries is distributed in the hope that it will 
  22           * be useful,but WITHOUT ANY WARRANTY; without even the implied warranty 
  23           * of MERCHANTABILITY or FITNESS FOR A PARTICULAR PURPOSE. See the 
  24           * Apache-2.0 License for more details.
  25          
  26           * You should have received a copy of the Apache-2.0 License.8051 ELL 
  27           * low-layer libraries. If not, see <http://www.apache.org/licenses/>.
  28          **/
  29          /*-----------------------------------------------------------------------
  30          |                               INCLUDES                                |
  31          -----------------------------------------------------------------------*/
  32          #include "STC8x_POWER.h"
  33          
  34          
  35          /*-----------------------------------------------------------------------
  36          |                                 DATA                                  |
  37          -----------------------------------------------------------------------*/
  38          /* None */
  39          /*-----------------------------------------------------------------------
  40          |                               FUNCTION                                |
  41          -----------------------------------------------------------------------*/
  42          
  43          /**
  44           * @brief               电源工作模式控制函数。
  45           * @details         Power mode configure function. 
  46           * @param[in]   mode 电源工作模式。Power working mode. 
  47           * @return      FSC_SUCCESS 返回成功。Return to success.
  48           * @return      FSC_FAIL    返回失败。Return to fail.
  49          **/
  50          FSCSTATE POWER_Mode_Ctrl(POWERMode_Type mode)
C51 COMPILER V9.01   STC8X_POWER                                                           08/04/2021 11:57:18 PAGE 2   

  51          {
  52   1        PCON = (PCON & 0xFC) | mode;
  53   1        return FSC_SUCCESS;
  54   1      }
  55          
  56          
  57          /**
  58          * @brief           低压检测中断初始化函数。
  59           * @details        Low-voltage detection interrupt initialization function.
  60           * @param[in]  pri 中断优先级。Interrupt priority.
  61           * @param[in]  run 中断运行控制位。Interrupt operation control bit.
  62           * @return     FSC_SUCCESS 返回成功。Return to success.
  63           * @return     FSC_FAIL    返回失败。Return to fail.
  64          **/
  65          FSCSTATE NVIC_LVD_Init(NVICPri_Type priority,BOOL run)
  66          {
  67   1              ELVD = run;
  68   1              NVIC_LVD_PRI(priority);
  69   1              return FSC_SUCCESS;
  70   1      }
  71          
  72          /*-----------------------------------------------------------------------
  73          |                   END OF FLIE.  (C) COPYRIGHT zeweni                  |
  74          -----------------------------------------------------------------------*/
  75          
  76          
  77          


MODULE INFORMATION:   STATIC OVERLAYABLE
   CODE SIZE        =     49    ----
   CONSTANT SIZE    =   ----    ----
   XDATA SIZE       =   ----    ----
   PDATA SIZE       =   ----    ----
   DATA SIZE        =   ----    ----
   IDATA SIZE       =   ----    ----
   BIT SIZE         =   ----    ----
   EDATA SIZE       =   ----    ----
   HDATA SIZE       =   ----    ----
   XDATA CONST SIZE =   ----    ----
   FAR CONST SIZE   =   ----    ----
END OF MODULE INFORMATION.


C51 COMPILATION COMPLETE.  0 WARNING(S),  0 ERROR(S)
