C51 COMPILER V9.01   STC8X_MDU16                                                           08/04/2021 11:57:19 PAGE 1   


C51 COMPILER V9.01, COMPILATION OF MODULE STC8X_MDU16
OBJECT MODULE PLACED IN .\build\STC8x_MDU16.obj
COMPILER INVOKED BY: D:\Keil_v5\C51\BIN\C51.EXE ..\..\libraries\peripherals\STC8x\src\STC8x_MDU16.c LARGE OMF2 OPTIMIZE(
                    -9,SPEED) BROWSE INCDIR(..\..\libraries;..\..\libraries\core;..\..\libraries\core\register\STC8x;..\..\libraries\core\sta
                    -rtup\STC8x;..\..\libraries\drives;..\..\libraries\drives\KeyScan;..\..\libraries\peripherals;..\..\libraries\peripherals
                    -\STC8x\inc;..\..\libraries\peripherals\STC8x\src;..\..\libraries\components;..\..\libraries\components\TMT;..\..\librari
                    -es\components\PrintfRed;..\..\libraries\components\PreDelay;.\main;.\application) DEBUG PRINT(.\build\STC8x_MDU16.lst) O
                    -BJECT(.\build\STC8x_MDU16.obj)

line level    source

   1          /*-----------------------------------------------------------------------
   2          |                            FILE DESCRIPTION                           |
   3          -----------------------------------------------------------------------*/
   4          /*----------------------------------------------------------------------
   5            - File name     : STC8x_MDU16.c
   6            - Author        : zeweni
   7            - Update date   : 2020.04.27
   8            -     Copyright(C)  : 2020-2021 zeweni. All rights reserved.
   9          -----------------------------------------------------------------------*/
  10          /*------------------------------------------------------------------------
  11          |                            COPYRIGHT NOTICE                            |
  12          ------------------------------------------------------------------------*/
  13          /*
  14           * Copyright (C) 2021, zeweni (17870070675@163.com)
  15          
  16           * This file is part of 8051 ELL low-layer libraries.
  17          
  18           * 8051 ELL low-layer libraries is free software: you can redistribute 
  19           * it and/or modify it under the terms of the Apache-2.0 License.
  20          
  21           * 8051 ELL low-layer libraries is distributed in the hope that it will 
  22           * be useful,but WITHOUT ANY WARRANTY; without even the implied warranty 
  23           * of MERCHANTABILITY or FITNESS FOR A PARTICULAR PURPOSE. See the 
  24           * Apache-2.0 License License for more details.
  25          
  26           * You should have received a copy of the Apache-2.0 License.8051 ELL 
  27           * low-layer libraries. If not, see <http://www.apache.org/licenses/>.
  28          **/
  29          /*-----------------------------------------------------------------------
  30          |                               INCLUDES                                |
  31          -----------------------------------------------------------------------*/
  32          #include "STC8x_MDU16.h"
  33          /*-----------------------------------------------------------------------
  34          |                                 DATA                                  |
  35          -----------------------------------------------------------------------*/
  36          /* None */
  37          /*-----------------------------------------------------------------------
  38          |                               FUNCTION                                |
  39          -----------------------------------------------------------------------*/
  40          /* None */
  41          
  42          /*-----------------------------------------------------------------------
  43          |                   END OF FLIE.  (C) COPYRIGHT zeweni                  |
  44          -----------------------------------------------------------------------*/


MODULE INFORMATION:   STATIC OVERLAYABLE
   CODE SIZE        =   ----    ----
   CONSTANT SIZE    =   ----    ----
   XDATA SIZE       =   ----    ----
C51 COMPILER V9.01   STC8X_MDU16                                                           08/04/2021 11:57:19 PAGE 2   

   PDATA SIZE       =   ----    ----
   DATA SIZE        =   ----    ----
   IDATA SIZE       =   ----    ----
   BIT SIZE         =   ----    ----
   EDATA SIZE       =   ----    ----
   HDATA SIZE       =   ----    ----
   XDATA CONST SIZE =   ----    ----
   FAR CONST SIZE   =   ----    ----
END OF MODULE INFORMATION.


C51 COMPILATION COMPLETE.  0 WARNING(S),  0 ERROR(S)
