C51 COMPILER V9.01   STC8X_WDT                                                             08/04/2021 11:57:19 PAGE 1   


C51 COMPILER V9.01, COMPILATION OF MODULE STC8X_WDT
OBJECT MODULE PLACED IN .\build\STC8x_WDT.obj
COMPILER INVOKED BY: D:\Keil_v5\C51\BIN\C51.EXE ..\..\libraries\peripherals\STC8x\src\STC8x_WDT.c LARGE OMF2 OPTIMIZE(9,
                    -SPEED) BROWSE INCDIR(..\..\libraries;..\..\libraries\core;..\..\libraries\core\register\STC8x;..\..\libraries\core\start
                    -up\STC8x;..\..\libraries\drives;..\..\libraries\drives\KeyScan;..\..\libraries\peripherals;..\..\libraries\peripherals\S
                    -TC8x\inc;..\..\libraries\peripherals\STC8x\src;..\..\libraries\components;..\..\libraries\components\TMT;..\..\libraries
                    -\components\PrintfRed;..\..\libraries\components\PreDelay;.\main;.\application) DEBUG PRINT(.\build\STC8x_WDT.lst) OBJEC
                    -T(.\build\STC8x_WDT.obj)

line level    source

   1          /*-----------------------------------------------------------------------
   2          |                            FILE DESCRIPTION                           |
   3          -----------------------------------------------------------------------*/
   4          /*----------------------------------------------------------------------
   5            - File name     : STC8x_WDT.c
   6            - Author        : zeweni
   7            - Update date   : 2020.02.06
   8            -     Copyright(C)  : 2020-2021 zeweni. All rights reserved.
   9          -----------------------------------------------------------------------*/
  10          /*------------------------------------------------------------------------
  11          |                            COPYRIGHT NOTICE                            |
  12          ------------------------------------------------------------------------*/
  13          /*
  14           * Copyright (C) 2021, zeweni (17870070675@163.com)
  15          
  16           * This file is part of 8051 ELL low-layer libraries.
  17          
  18           * 8051 ELL low-layer libraries is free software: you can redistribute 
  19           * it and/or modify it under the terms of the Apache-2.0 License.
  20          
  21           * 8051 ELL low-layer libraries is distributed in the hope that it will 
  22           * be useful,but WITHOUT ANY WARRANTY; without even the implied warranty 
  23           * of MERCHANTABILITY or FITNESS FOR A PARTICULAR PURPOSE. See the 
  24           * Apache-2.0 License for more details.
  25          
  26           * You should have received a copy of the Apache-2.0 License.8051 ELL 
  27           * low-layer libraries. If not, see <http://www.apache.org/licenses/>.
  28          **/
  29          /*-----------------------------------------------------------------------
  30          |                               INCLUDES                                |
  31          -----------------------------------------------------------------------*/
  32          #include "STC8x_WDT.h"
  33          /*-----------------------------------------------------------------------
  34          |                                 DATA                                  |
  35          -----------------------------------------------------------------------*/
  36          /* none*/
  37          /*-----------------------------------------------------------------------
  38          |                               FUNCTION                                |
  39          -----------------------------------------------------------------------*/
  40          #if (PER_LIB_RST_CTRL == 1)
  41          
  42                  #if (PER_LIB_RST_INIT_CTRL == 1)
  43                  
  44                          /**
  45                           * @brief       看门狗初始函数。
  46                           * @details     WDT initialization function. 
  47                           * @param[in]   cLKDiv   系统时钟分频数。clock division.
  48                           * @param[in]   run      运行控制位。Run control bit.
  49                           * @return      FSC_SUCCESS 返回成功。Return to success.
  50                           * @return      FSC_FAIL    返回失败。Return to fail.
C51 COMPILER V9.01   STC8X_WDT                                                             08/04/2021 11:57:19 PAGE 2   

  51                          **/
  52                          FSCSTATE WDT_Init(uint8_t clKDiv, BOOL run)
  53                          {
  54   1                              WDT_CONTR = clKDiv;
  55   1                              if(run == ENABLE) WDT_CONTR |= 0x20;
  56   1                              else WDT_CONTR &= 0xDF;
  57   1                              return FSC_SUCCESS;
  58   1                      }
  59          
  60                  #endif
  61                          
  62                  #if (PER_LIB_RST_WORK_CTRL == 1)
  63                          
  64                          /**
  65                           * @brief   获取喂狗时间函数，以便定时喂狗。
  66                           * @details Get WDT  feeding time function.
  67                           * @param   None.
  68                           * @return  [uint32_t] 获取喂狗时间，单位us。Get the feeding time, the unit is us.
  69                          **/
  70                          uint32_t Get_WDT_Time(void)
  71                          {
  72   1                              extern uint32_t Get_SysClk_FRE(void);
  73   1                              uint8_t i;
  74   1                              uint32_t sysClk_FRE,dat = 2;
  75   1                              sysClk_FRE = Get_SysClk_FRE();
  76   1                              for(i=0; i<(WDT_CONTR & 0x07); i++) dat *= 2;
  77   1                              dat = ((12UL * 32768UL * dat) / sysClk_FRE) / 1000UL;
  78   1                              return dat;
  79   1                      }
  80                          
  81                  #endif
  82                          
  83          #endif
  84          /*-----------------------------------------------------------------------
  85          |                   END OF FLIE.  (C) COPYRIGHT zeweni                  |
  86          -----------------------------------------------------------------------*/


MODULE INFORMATION:   STATIC OVERLAYABLE
   CODE SIZE        =    151    ----
   CONSTANT SIZE    =   ----    ----
   XDATA SIZE       =   ----       9
   PDATA SIZE       =   ----    ----
   DATA SIZE        =   ----    ----
   IDATA SIZE       =   ----    ----
   BIT SIZE         =   ----    ----
   EDATA SIZE       =   ----    ----
   HDATA SIZE       =   ----    ----
   XDATA CONST SIZE =   ----    ----
   FAR CONST SIZE   =   ----    ----
END OF MODULE INFORMATION.


C51 COMPILATION COMPLETE.  0 WARNING(S),  0 ERROR(S)
