C51 COMPILER V9.01   STC8X_TIMER                                                           08/04/2021 11:57:18 PAGE 1   


C51 COMPILER V9.01, COMPILATION OF MODULE STC8X_TIMER
OBJECT MODULE PLACED IN .\build\STC8x_TIMER.obj
COMPILER INVOKED BY: D:\Keil_v5\C51\BIN\C51.EXE ..\..\libraries\peripherals\STC8x\src\STC8x_TIMER.c LARGE OMF2 OPTIMIZE(
                    -9,SPEED) BROWSE INCDIR(..\..\libraries;..\..\libraries\core;..\..\libraries\core\register\STC8x;..\..\libraries\core\sta
                    -rtup\STC8x;..\..\libraries\drives;..\..\libraries\drives\KeyScan;..\..\libraries\peripherals;..\..\libraries\peripherals
                    -\STC8x\inc;..\..\libraries\peripherals\STC8x\src;..\..\libraries\components;..\..\libraries\components\TMT;..\..\librari
                    -es\components\PrintfRed;..\..\libraries\components\PreDelay;.\main;.\application) DEBUG PRINT(.\build\STC8x_TIMER.lst) O
                    -BJECT(.\build\STC8x_TIMER.obj)

line level    source

   1          /*-----------------------------------------------------------------------
   2          |                            FILE DESCRIPTION                           |
   3          -----------------------------------------------------------------------*/
   4          /*----------------------------------------------------------------------
   5            - File name     : STC8x_TIMER.c
   6            - Author        : zeweni
   7            - Update date   : 2020.02.06
   8            -     Copyright(C)  : 2020-2021 zeweni. All rights reserved.
   9          -----------------------------------------------------------------------*/
  10          /*------------------------------------------------------------------------
  11          |                            COPYRIGHT NOTICE                            |
  12          ------------------------------------------------------------------------*/
  13          /*
  14           * Copyright (C) 2021, zeweni (17870070675@163.com)
  15          
  16           * This file is part of 8051 ELL low-layer libraries.
  17          
  18           * 8051 ELL low-layer libraries is free software: you can redistribute 
  19           * it and/or modify it under the terms of the Apache-2.0 License.
  20          
  21           * 8051 ELL low-layer libraries is distributed in the hope that it will 
  22           * be useful,but WITHOUT ANY WARRANTY; without even the implied warranty 
  23           * of MERCHANTABILITY or FITNESS FOR A PARTICULAR PURPOSE. See the 
  24           * Apache-2.0 License for more details.
  25          
  26           * You should have received a copy of the Apache-2.0 License.8051 ELL 
  27           * low-layer libraries. If not, see <http://www.apache.org/licenses/>.
  28          **/
  29          /*-----------------------------------------------------------------------
  30          |                               INCLUDES                                |
  31          -----------------------------------------------------------------------*/
  32          #include "STC8x_TIMER.h"
  33          /*-----------------------------------------------------------------------
  34          |                             DECLARATION                               |
  35          -----------------------------------------------------------------------*/
  36          
  37          /**
  38           * @brief      ÂÆöÊó∂Âô®0Â∑•‰ΩúÊ®°ÂºèÈÄâÊã©ÂÆèÂáΩÊï∞Ôºà‰ΩúÁî®Âüü‰∏∫Êú¨Êñá‰ª∂Ôºâ„ÄÇ
  39           * @details    Timer 0 working mode selection macro function (scope for this file).
  40           * @param[in]  mode Â∑•‰ΩúÊ®°Âºè„ÄÇworking mode.
  41          **/
  42          #define TIMER0_MODE_CFG(mode)  do{TMOD = (TMOD & 0xFC) | (mode);}while(0)
  43          
  44          
  45          /**
  46           * @brief     ÂÆöÊó∂Âô®1Â∑•‰ΩúÊ®°ÂºèÈÄâÊã©ÂÆèÂáΩÊï∞Ôºà‰ΩúÁî®Âüü‰∏∫Êú¨Êñá‰ª∂Ôºâ„ÄÇ
  47           * @details   Timer 1 working mode selection macro function (scope for this file).
  48           * @param[in] mode Â∑•‰ΩúÊ®°Âºè„ÄÇworking mode.
  49          **/
  50          #define TIMER1_MODE_CFG(mode)  do{TMOD = (TMOD & 0xCF) | (mode << 4);}while(0)
C51 COMPILER V9.01   STC8X_TIMER                                                           08/04/2021 11:57:18 PAGE 2   

  51          
  52          
  53          /**
  54           * @brief     ÂÆöÊó∂Âô®0Êåá‰ª§Âë®ÊúüÈÄâÊã©ÂÆèÂáΩÊï∞Ôºà‰ΩúÁî®Âüü‰∏∫Êú¨Êñá‰ª∂Ôºâ„ÄÇ
  55           * @details   Timer 0 instruction cycle selects macro function (scope is this file).
  56           * @param[in] tCycle Êåá‰ª§Âë®Êúü„ÄÇ instruction cycle.
  57          **/
  58          #define  TIMER0_TCY_CFG(tCycle)  do{AUXR  = (AUXR  & 0x7F) | ( !tCycle << 7 );}while(0)
  59          
  60          
  61          /**
  62           * @brief     ÂÆöÊó∂Âô®1Êåá‰ª§Âë®ÊúüÈÄâÊã©ÂÆèÂáΩÊï∞Ôºà‰ΩúÁî®Âüü‰∏∫Êú¨Êñá‰ª∂Ôºâ„ÄÇ
  63           * @details   Timer 1 instruction cycle selects macro function (scope is this file).
  64           * @param[in] tCycle Êåá‰ª§Âë®Êúü„ÄÇ instruction cycle.
  65          **/
  66          #define  TIMER1_TCY_CFG(tCycle) do{AUXR  = (AUXR  & 0xBF) | ( !tCycle << 6 );}while(0)
  67          
  68          
  69          /**
  70           * @brief   ÂÆöÊó∂Âô®2Êåá‰ª§Âë®ÊúüÈÄâÊã©ÂÆèÂáΩÊï∞Ôºà‰ΩúÁî®Âüü‰∏∫Êú¨Êñá‰ª∂Ôºâ„ÄÇ
  71           * @details   Timer 2 instruction cycle selects macro function (scope is this file).
  72           * @param[in] tCycle Êåá‰ª§Âë®Êúü„ÄÇ instruction cycle.
  73          **/
  74          #define  TIMER2_TCY_CFG(tCycle) do{AUXR  = (AUXR  & 0xFB) | ( !tCycle << 2 );}while(0)
  75          
  76          
  77          /**
  78           * @brief     ÂÆöÊó∂Âô®3Êåá‰ª§Âë®ÊúüÈÄâÊã©ÂÆèÂáΩÊï∞Ôºà‰ΩúÁî®Âüü‰∏∫Êú¨Êñá‰ª∂Ôºâ„ÄÇ
  79           * @details   Timer 3 instruction cycle selects macro function (scope is this file).
  80           * @param[in] tCycle Êåá‰ª§Âë®Êúü„ÄÇ instruction cycle.
  81          **/
  82          #define  TIMER3_TCY_CFG(tCycle) do{T4T3M = (T4T3M & 0xFD) | ( !tCycle << 1 );}while(0)
  83          
  84          
  85          /**
  86           * @brief   ÂÆöÊó∂Âô®4Êåá‰ª§Âë®ÊúüÈÄâÊã©ÂÆèÂáΩÊï∞Ôºà‰ΩúÁî®Âüü‰∏∫Êú¨Êñá‰ª∂Ôºâ„ÄÇ
  87           * @details   Timer 4 instruction cycle selects macro function (scope is this file).
  88           * @param[in] tCycle Êåá‰ª§Âë®Êúü instruction cycle.
  89          **/
  90          #define  TIMER4_TCY_CFG(tCycle) do{T4T3M = (T4T3M & 0xDF) | ( !tCycle << 5 );}while(0)
  91          
  92          
  93          /**
  94           * @brief     ÂÆöÊó∂Âô®0ÂÆöÊó∂Êó∂Èó¥ËÆæÁΩÆÂáΩÊï∞Ôºà‰ΩúÁî®Âüü‰∏∫Êú¨Êñá‰ª∂Ôºâ„ÄÇ
  95           * @details   Timer 0 timing time setting function (scope is this file).
  96           * @param[in] time ÂÆöÊó∂Êó∂Èó¥„ÄÇ timing time.
  97          **/
  98          #define TIMER0_TIM_CFG(time)                           \
  99          do{                                                    \
 100                  time = (65536UL - (sysClk_FRE / (1000000UL /  time \
 101                         * (11 * (!(AUXR & 0x80)) + 1)) ) );         \
 102                  G_Time0_CntValue = time;                           \
 103          }while(0)
 104          
 105          
 106          /**
 107           * @brief     ÂÆöÊó∂Âô®1ÂÆöÊó∂Êó∂Èó¥ËÆæÁΩÆÂáΩÊï∞Ôºà‰ΩúÁî®Âüü‰∏∫Êú¨Êñá‰ª∂Ôºâ„ÄÇ
 108           * @details   Timer 1 timing time setting function (scope is this file).
 109           * @param[in] time ÂÆöÊó∂Êó∂Èó¥„ÄÇ timing time.
 110          **/
 111          #define TIMER1_TIM_CFG(time)                           \
 112          do{                                                    \
C51 COMPILER V9.01   STC8X_TIMER                                                           08/04/2021 11:57:18 PAGE 3   

 113                  time = (65536UL - (sysClk_FRE / (1000000UL /  time \
 114                         * (11 * (!(AUXR & 0x40)) + 1)) ) );         \
 115                  G_Time1_CntValue = time;                           \
 116          }while(0)
 117          
 118          
 119          
 120          #if  (PER_LIB_MCU_MUODEL == STC8Ax || PER_LIB_MCU_MUODEL == STC8Fx)
                  
                  /**
                   * @brief      ÂÆöÊó∂Âô®2ÂÆöÊó∂Êó∂Èó¥ËÆæÁΩÆÂáΩÊï∞Ôºà‰ΩúÁî®Âüü‰∏∫Êú¨Êñá‰ª∂Ôºâ„ÄÇ
                   * @details    Timer 2 timing time setting function (scope is this file).
                   * @param[in]  time ÂÆöÊó∂Êó∂Èó¥„ÄÇ timing time.
                  **/
                  #define TIMER2_TIM_CFG(time)                           \
                      do{                                                    \
                              time = (65536UL - (sysClk_FRE / (1000000UL /  time \
                             * (11 * (!(AUXR & 0x04)) + 1)) ) );         \
                      }while(0)
                      
                      
                  /**
                   * @brief     ÂÆöÊó∂Âô®3ÂÆöÊó∂Êó∂Èó¥ËÆæÁΩÆÂáΩÊï∞Ôºà‰ΩúÁî®Âüü‰∏∫Êú¨Êñá‰ª∂Ôºâ„ÄÇ
                   * @details   Timer 3 timing time setting function (scope is this file).
                   * @param[in] time ÂÆöÊó∂Êó∂Èó¥„ÄÇ timing time.
                  **/
                  #define TIMER3_TIM_CFG(time)                           \
                      do{                                                    \
                              time = (65536UL - (sysClk_FRE / (1000000UL /  time \
                             * (11 * (!(T4T3M & 0x02)) + 1)) ) );        \
                      }while(0)
                      
                      
                  /**
                   * @brief     ÂÆöÊó∂Âô®3ÂÆöÊó∂Êó∂Èó¥ËÆæÁΩÆÂáΩÊï∞Ôºà‰ΩúÁî®Âüü‰∏∫Êú¨Êñá‰ª∂Ôºâ„ÄÇ
                   *            Timer 3 timing time setting function (scope is this file).
                   * @param[in] time ÂÆöÊó∂Êó∂Èó¥„ÄÇ timing time.
                  **/
                  #define TIMER4_TIM_CFG(time)                           \
                      do{                                                    \
                              time = (65536UL - (sysClk_FRE / (1000000UL /  time \
                                * (11 * (!(T4T3M & 0x20)) + 1)) ) );         \
                      }while(0)
                            
              #elif  (PER_LIB_MCU_MUODEL == STC8Cx || PER_LIB_MCU_MUODEL == STC8Gx || PER_LIB_MCU_MUODEL == STC8Hx)
 158          
 159              /**
 160               * @brief     ÂÆöÊó∂Âô®2ÂÆöÊó∂Êó∂Èó¥ËÆæÁΩÆÂáΩÊï∞Ôºà‰ΩúÁî®Âüü‰∏∫Êú¨Êñá‰ª∂Ôºâ„ÄÇ
 161               *            Timer 2 timing time setting function (scope is this file).
 162               * @param[in] time ÂÆöÊó∂Êó∂Èó¥„ÄÇ timing time.
 163              **/
 164              #define TIMER2_TIM_CFG(time)                                             \
 165                  do{                                                                      \
 166                          time = (65536UL - ( (sysClk_FRE / (TM2PS + 1) ) / (1000000UL /  time \
 167                           * (11 * (!(AUXR & 0x04)) + 1)) ) );                         \
 168                  }while(0)
 169                  
 170                  
 171              /**
 172               * @brief     ÂÆöÊó∂Âô®3ÂÆöÊó∂Êó∂Èó¥ËÆæÁΩÆÂáΩÊï∞Ôºà‰ΩúÁî®Âüü‰∏∫Êú¨Êñá‰ª∂Ôºâ„ÄÇ
 173               *            Timer 3 timing time setting function (scope is this file).
 174               * @param[in] time ÂÆöÊó∂Êó∂Èó¥„ÄÇ timing time.
C51 COMPILER V9.01   STC8X_TIMER                                                           08/04/2021 11:57:18 PAGE 4   

 175              **/
 176              #define TIMER3_TIM_CFG(time)                                             \
 177                  do{                                                                                                                              \
 178                          time = (65536UL - ( (sysClk_FRE / (TM3PS + 1) ) / (1000000UL /  time \
 179                         * (11 * (!(T4T3M & 0x02)) + 1)) ) );                          \
 180                  }while(0)
 181                  
 182                  
 183              /**
 184               * @name      TIMER4_TIM_CFG
 185               * @brief     ÂÆöÊó∂Âô®4ÂÆöÊó∂Êó∂Èó¥ËÆæÁΩÆÂáΩÊï∞Ôºà‰ΩúÁî®Âüü‰∏∫Êú¨Êñá‰ª∂Ôºâ„ÄÇ
 186               *            Timer 4 timing time setting function (scope is this file).
 187               * @param[in] time ÂÆöÊó∂Êó∂Èó¥„ÄÇ timing time.
 188              **/
 189              #define TIMER4_TIM_CFG(time)                                             \
 190                  do{                                                                      \
 191                          time = (65536UL - ( (sysClk_FRE / (TM2PS + 1) ) / (1000000UL /  time \
 192                             * (11 * (!(T4T3M & 0x20)) + 1)) ) );                          \
 193                  }while(0)
 194              
 195          #endif            
 196          
 197          
 198          /*-----------------------------------------------------------------------
 199          |                                 DATA                                  |
 200          -----------------------------------------------------------------------*/
 201          uint32_t G_Time0_CntValue = 0;
 202          uint32_t G_Time1_CntValue = 0;  
 203          /*-----------------------------------------------------------------------
 204          |                               FUNCTION                                |
 205          -----------------------------------------------------------------------*/
 206          #if (PER_LIB_TIMER_CTRL == 1)
 207          
 208              #if (PER_LIB_TIMER_INIT_CTRL == 1)
 209          
 210                  /**
 211                   * @brief     ÂÆöÊó∂Âô®0ÂàùÂßãÂåñÂáΩÊï∞„ÄÇ 
 212                   * @details   TIMER0 peripheral init function. 
 213                   * @param[in] timerx  ÂÆöÊó∂Âô®ÂàùÂßãÂåñÁªìÊûÑ‰ΩìÂè•ÊüÑÔºåÂàùÂßãÂåñÊó∂ËØ∑ÂÆö‰πâËØ•Âè•ÊüÑÔºåÂπ∂Â∞ÜÂ
             -Ö∂Âú∞ÂùÄ‰º†ÂèÇ„ÄÇ
 214                   *                    The timer initializes the structure handle. When initializing, 
 215                   *                    please define the handle and pass its address to the parameter.
 216                   * @return    FSC_SUCCESS ËøîÂõûÊàêÂäü„ÄÇReturn to success.
 217                   * @return    FSC_FAIL    ËøîÂõûÂ§±Ë¥•„ÄÇReturn to fail.
 218                  **/
 219                  FSCSTATE TIMER0_Init(const TIMER_InitType* timerx)
 220                  {
 221   1                  extern uint32_t Get_SysClk_FRE(void);
 222   1                  uint32_t sysClk_FRE;
 223   1                  /* Get system clock frequency */
 224   1                  sysClk_FRE = Get_SysClk_FRE();
 225   1                  TR0 = 0; //Turn off Timer0
 226   1                  TMOD = (TMOD & 0xFB) | (timerx -> Type << 2);
 227   1                  TIMER0_MODE_CFG(timerx -> Mode);
 228   1                  TIMER0_TCY_CFG(timerx -> TCycle);
 229   1                  TIMER0_TIM_CFG(timerx -> Time);
 230   1                  if(timerx -> Mode == TIMER_8BitAutoReload) T0L = (uint8_t)(timerx -> Time), T0H = (uint8_t)(ti
             -merx -> Time); 
 231   1                  else                                       T0L = (uint8_t)(timerx -> Time), T0H = (uint8_t)(ti
             -merx -> Time >> 8);
 232   1                  INTCLKO = (INTCLKO & 0xFE) | (timerx -> ClkOut);
 233   1                  TR0 = timerx -> Run;
C51 COMPILER V9.01   STC8X_TIMER                                                           08/04/2021 11:57:18 PAGE 5   

 234   1                  return FSC_SUCCESS;
 235   1              }
 236          
 237          
 238                  /**
 239                   * @brief     ÂÆöÊó∂Âô®1ÂàùÂßãÂåñÂáΩÊï∞„ÄÇ 
 240                   * @details   TIMER1 peripheral init function. 
 241                   * @param[in] timerx  ÂÆöÊó∂Âô®ÂàùÂßãÂåñÁªìÊûÑ‰ΩìÂè•ÊüÑÔºåÂàùÂßãÂåñÊó∂ËØ∑ÂÆö‰πâËØ•Âè•ÊüÑÔºåÂπ∂Â∞ÜÂ
             -Ö∂Âú∞ÂùÄ‰º†ÂèÇ„ÄÇ
 242                   *                    The timer initializes the structure handle. When initializing, 
 243                   *                    please define the handle and pass its address to the parameter.
 244                   * @return    FSC_SUCCESS ËøîÂõûÊàêÂäü„ÄÇReturn to success.
 245                   * @return    FSC_FAIL    ËøîÂõûÂ§±Ë¥•„ÄÇReturn to fail.
 246                  **/
 247                  FSCSTATE TIMER1_Init(const TIMER_InitType* timerx)
 248                  {
 249   1                  extern uint32_t Get_SysClk_FRE(void);
 250   1                  uint32_t sysClk_FRE;
 251   1                  /* Get system clock frequency */
 252   1                  sysClk_FRE = Get_SysClk_FRE();
 253   1                  TR1 = 0; //Turn off Timer1
 254   1                  if(timerx -> Mode != TIMER_16BitAutoReloadNoMask) TIMER1_MODE_CFG(timerx -> Mode);
 255   1                  else return FSC_FAIL;
 256   1                  TMOD = (TMOD & 0xBF) | (timerx -> Type << 6);
 257   1                  TIMER1_TCY_CFG(timerx -> TCycle);
 258   1                  TIMER1_TIM_CFG(timerx -> Time);     
 259   1                  if(timerx -> Mode == TIMER_8BitAutoReload) T1L = (uint8_t)(timerx -> Time), T1H = (uint8_t)(ti
             -merx -> Time); 
 260   1                  else                                       T1L = (uint8_t)(timerx -> Time), T1H = (uint8_t)(ti
             -merx -> Time >> 8);
 261   1                  INTCLKO = (INTCLKO & 0xFD) | (timerx -> ClkOut << 1);
 262   1                  TF1 = 0; //Clear Flag
 263   1                  TR1 = timerx -> Run; 
 264   1                  return FSC_SUCCESS;         
 265   1              }
 266          
 267          
 268                  /**
 269                   * @brief     ÂÆöÊó∂Âô®2ÂàùÂßãÂåñÂáΩÊï∞„ÄÇ 
 270                   * @details   TIMER2 peripheral init function. 
 271                   * @param[in] timerx  ÂÆöÊó∂Âô®ÂàùÂßãÂåñÁªìÊûÑ‰ΩìÂè•ÊüÑÔºåÂàùÂßãÂåñÊó∂ËØ∑ÂÆö‰πâËØ•Âè•ÊüÑÔºåÂπ∂Â∞ÜÂ
             -Ö∂Âú∞ÂùÄ‰º†ÂèÇ„ÄÇ
 272                   *                    The timer initializes the structure handle. When initializing, 
 273                   *                    please define the handle and pass its address to the parameter.
 274                   * @return    FSC_SUCCESS ËøîÂõûÊàêÂäü„ÄÇReturn to success.
 275                   * @return    FSC_FAIL    ËøîÂõûÂ§±Ë¥•„ÄÇReturn to fail.
 276                  **/
 277                  FSCSTATE TIMER2_Init(const TIMER_InitType* timerx)
 278                  {
 279   1                  extern uint32_t Get_SysClk_FRE(void);
 280   1                  uint32_t sysClk_FRE;
 281   1                  /* Get system clock frequency */
 282   1                  sysClk_FRE = Get_SysClk_FRE();
 283   1                  AUXR &= 0xEF; //Turn off timer2
 284   1                  AUXR = (AUXR & 0xF7) | (timerx -> Type << 3);
 285   1                  TIMER2_TCY_CFG(timerx -> TCycle);
 286   1                  
 287   1                  #if (PER_LIB_MCU_MUODEL == STC8Ax || PER_LIB_MCU_MUODEL == STC8Fx)
                          
                              TIMER2_TIM_CFG(timerx -> Time);
                          
                          #elif (PER_LIB_MCU_MUODEL == STC8Cx || PER_LIB_MCU_MUODEL == STC8Gx || PER_LIB_MCU_MUODEL == S
C51 COMPILER V9.01   STC8X_TIMER                                                           08/04/2021 11:57:18 PAGE 6   

             -TC8Hx)
 292   1                  
 293   1                      EAXFR_ENABLE();
 294   1                      TM2PS = timerx -> SysClkDiv;
 295   1                              
 296   1                      TIMER2_TIM_CFG(timerx -> Time);
 297   1                      EAXFR_DISABLE();
 298   1                  
 299   1                  #endif      
 300   1                  
 301   1                  T2L = (uint8_t)(timerx -> Time);
 302   1                  T2H = (uint8_t)(timerx -> Time >> 8);
 303   1                  INTCLKO = (INTCLKO & 0xFB) | (timerx -> ClkOut << 2);       
 304   1                  AUXR = (AUXR & 0xEF) | (timerx -> Run << 4);  
 305   1                  return FSC_SUCCESS; 
 306   1              }
 307          
 308          
 309                  /**
 310                   * @brief     ÂÆöÊó∂Âô®3ÂàùÂßãÂåñÂáΩÊï∞„ÄÇ 
 311                   * @details   TIMER3 peripheral init function. 
 312                   * @param[in] timerx  ÂÆöÊó∂Âô®ÂàùÂßãÂåñÁªìÊûÑ‰ΩìÂè•ÊüÑÔºåÂàùÂßãÂåñÊó∂ËØ∑ÂÆö‰πâËØ•Âè•ÊüÑÔºåÂπ∂Â∞ÜÂ
             -Ö∂Âú∞ÂùÄ‰º†ÂèÇ„ÄÇ
 313                   *                    The timer initializes the structure handle. When initializing, 
 314                   *                    please define the handle and pass its address to the parameter.
 315                   * @return    FSC_SUCCESS ËøîÂõûÊàêÂäü„ÄÇReturn to success.
 316                   * @return    FSC_FAIL    ËøîÂõûÂ§±Ë¥•„ÄÇReturn to fail.
 317                  **/
 318                  FSCSTATE TIMER3_Init(const TIMER_InitType* timerx)
 319                  {
 320   1                  extern uint32_t Get_SysClk_FRE(void);
 321   1                  uint32_t sysClk_FRE;
 322   1                  /* Get system clock frequency */
 323   1                  sysClk_FRE = Get_SysClk_FRE();
 324   1                  T4T3M &= 0XF7;//Turn off timer3
 325   1                  T4T3M = (T4T3M & 0xFB) | (timerx -> Type << 2);
 326   1                  TIMER3_TCY_CFG(timerx -> TCycle);
 327   1                  
 328   1                  #if (PER_LIB_MCU_MUODEL == STC8Ax || PER_LIB_MCU_MUODEL == STC8Fx)
                          
                              TIMER3_TIM_CFG(timerx -> Time);
                          
                          #elif (PER_LIB_MCU_MUODEL == STC8Cx || PER_LIB_MCU_MUODEL == STC8Gx || PER_LIB_MCU_MUODEL == S
             -TC8Hx)
 333   1                  
 334   1                      EAXFR_ENABLE();
 335   1                      TM3PS = timerx -> SysClkDiv;
 336   1                      TIMER3_TIM_CFG(timerx -> Time);
 337   1                      EAXFR_DISABLE();
 338   1                  
 339   1                  #endif      
 340   1                  
 341   1                  T3L = (uint8_t)(timerx -> Time);
 342   1                  T3H = (uint8_t)(timerx -> Time >> 8);
 343   1                  T4T3M = (T4T3M & 0xFE) | (timerx -> ClkOut);
 344   1                  T4T3M = (T4T3M & 0xF7) | (timerx -> Run << 3);              
 345   1                  return FSC_SUCCESS; 
 346   1              }
 347          
 348          
 349                  /**
 350                   * @brief     ÂÆöÊó∂Âô®4ÂàùÂßãÂåñÂáΩÊï∞„ÄÇ 
C51 COMPILER V9.01   STC8X_TIMER                                                           08/04/2021 11:57:18 PAGE 7   

 351                   * @details   TIMER4 peripheral init function. 
 352                   * @param[in] timerx  ÂÆöÊó∂Âô®ÂàùÂßãÂåñÁªìÊûÑ‰ΩìÂè•ÊüÑÔºåÂàùÂßãÂåñÊó∂ËØ∑ÂÆö‰πâËØ•Âè•ÊüÑÔºåÂπ∂Â∞ÜÂ
             -Ö∂Âú∞ÂùÄ‰º†ÂèÇ„ÄÇ
 353                   *                    The timer initializes the structure handle. When initializing, 
 354                   *                    please define the handle and pass its address to the parameter.
 355                   * @return    FSC_SUCCESS ËøîÂõûÊàêÂäü„ÄÇReturn to success.
 356                   * @return    FSC_FAIL    ËøîÂõûÂ§±Ë¥•„ÄÇReturn to fail.
 357                  **/
 358                  FSCSTATE TIMER4_Init(const TIMER_InitType* timerx)
 359                  {
 360   1                  extern uint32_t Get_SysClk_FRE(void);
 361   1                  uint32_t sysClk_FRE;
 362   1                  /* Get system clock frequency */
 363   1                  sysClk_FRE = Get_SysClk_FRE();
 364   1                  T4T3M &= 0X7F; //Turn off timer4
 365   1                  T4T3M = (T4T3M & 0xBF) | (timerx -> Type << 6);
 366   1                              
 367   1                  TIMER4_TCY_CFG(timerx -> TCycle);
 368   1                  
 369   1                  #if (PER_LIB_MCU_MUODEL == STC8Ax || PER_LIB_MCU_MUODEL == STC8Fx)
                          
                              TIMER4_TIM_CFG(timerx -> Time);
                          
                          #elif (PER_LIB_MCU_MUODEL == STC8Cx || PER_LIB_MCU_MUODEL == STC8Gx || PER_LIB_MCU_MUODEL == S
             -TC8Hx)
 374   1                  
 375   1                      EAXFR_ENABLE();
 376   1                      TM4PS = timerx -> SysClkDiv;
 377   1                      TIMER4_TIM_CFG(timerx -> Time);
 378   1                      EAXFR_DISABLE();
 379   1                  
 380   1                  #endif
 381   1                  
 382   1                  T4L = (uint8_t)(timerx -> Time);
 383   1                  T4H = (uint8_t)(timerx -> Time >> 8);
 384   1                  T4T3M = (T4T3M & 0xEF) | (timerx -> ClkOut << 4);
 385   1                  T4T3M = (T4T3M & 0x7F) | (timerx -> Run << 7);      
 386   1                  return FSC_SUCCESS;         
 387   1              }
 388          
 389          
 390                  /**
 391                   * @name      TIMER5_Wake_Up_Power
 392                   * @brief     Ë∞ÉÁîµÂî§ÈÜíÂÆöÊó∂Âô®5ÂàùÂßãÂåñÂáΩÊï∞„ÄÇ 
 393                   * @details   Power up timer 5 initialization function.
 394                   * @param[in] time ÂÆöÊó∂Âô®5Ë∞ÉÁîµÂî§ÈÜíÊó∂Èó¥ÂÄº„ÄÇTimer power up time value.
 395                   * @param[in] run  ÂÆöÊó∂Âô®5Ë∞ÉÁîµÂî§ÈÜíËøêË°åÊéßÂà∂‰Ωç„ÄÇTimer 5 power up operation control bit.
 396                   * @return    FSC_SUCCESS ËøîÂõûÊàêÂäü„ÄÇReturn to success.
 397                   * @return    FSC_FAIL    ËøîÂõûÂ§±Ë¥•„ÄÇReturn to fail.
 398                  **/
 399                  FSCSTATE TIMER5_Wake_Up_Power(uint16_t time,BOOL run)
 400                  {
 401   1                  uint16_t fwt;
 402   1                  fwt = (uint16_t)((FWTH << 8) | FWTL);    //Calculate the clock frequency 
 403   1                  time = (uint16_t)((fwt * (uint32_t) time) / 16000000UL);//Count count times
 404   1                  WKTCH = (uint8_t)((time - 1) >> 8);
 405   1                  WKTCL = (uint8_t)( time - 1);
 406   1                  WKTCH = (WKTCH & 0x7F) | (run << 7);
 407   1                  return FSC_SUCCESS;
 408   1              }
 409          
 410              #endif
C51 COMPILER V9.01   STC8X_TIMER                                                           08/04/2021 11:57:18 PAGE 8   

 411          
 412              #if (PER_LIB_TIMER_NVIC_CTRL == 1)
 413              
 414                  /**
 415                   * @brief     ÂÆöÊó∂Âô®0‰∏≠Êñ≠ÂàùÂßãÂåñÂáΩÊï∞„ÄÇ
 416                   * @details   TIMER0 NVIC function.
 417                   * @param[in] pri ‰∏≠Êñ≠‰ºòÂÖàÁ∫ß„ÄÇinterrupt priority.
 418                   * @param[in] run ‰ΩøËÉΩÊéßÂà∂‰Ωç„ÄÇenable control. 
 419                   * @return    FSC_SUCCESS ËøîÂõûÊàêÂäü„ÄÇReturn to success.
 420                   * @return    FSC_FAIL    ËøîÂõûÂ§±Ë¥•„ÄÇReturn to fail.
 421                  **/
 422                  FSCSTATE NVIC_TIMER0_Init(NVICPri_Type pri,BOOL run)
 423                  {
 424   1                  ET0 = run;
 425   1                  NVIC_TIMER0_PRI(pri);
 426   1                  return FSC_SUCCESS;
 427   1              }
 428          
 429          
 430                  /**
 431                   * @brief     ÂÆöÊó∂Âô®1‰∏≠Êñ≠ÂàùÂßãÂåñÂáΩÊï∞„ÄÇ
 432                   * @details   TIMER1 NVIC function.
 433                   * @param[in] pri ‰∏≠Êñ≠‰ºòÂÖàÁ∫ß„ÄÇinterrupt priority.
 434                   * @param[in] run ‰ΩøËÉΩÊéßÂà∂‰Ωç„ÄÇenable control. 
 435                   * @return    FSC_SUCCESS ËøîÂõûÊàêÂäü„ÄÇReturn to success.
 436                   * @return    FSC_FAIL    ËøîÂõûÂ§±Ë¥•„ÄÇReturn to fail.
 437                  **/
 438                  FSCSTATE NVIC_TIMER1_Init(NVICPri_Type pri,BOOL run)
 439                  {
 440   1                  ET1 = run;
 441   1                  NVIC_TIMER1_PRI(pri);
 442   1                  return FSC_SUCCESS;
 443   1              }
 444          
 445          
 446                  /**
 447                   * @brief     ÂÆöÊó∂Âô®2‰∏≠Êñ≠ÂàùÂßãÂåñÂáΩÊï∞„ÄÇ
 448                   * @details   TIMER2 NVIC function.
 449                   * @param[in] run ‰ΩøËÉΩÊéßÂà∂‰Ωç„ÄÇenable control. 
 450                   * @return    FSC_SUCCESS ËøîÂõûÊàêÂäü„ÄÇReturn to success.
 451                   * @return    FSC_FAIL    ËøîÂõûÂ§±Ë¥•„ÄÇReturn to fail.
 452                  **/
 453                  FSCSTATE NVIC_TIMER2_Init(BOOL run)
 454                  {
 455   1                  IE2 = (IE2 & 0xFB) | (run << 2);
 456   1                  return FSC_SUCCESS;
 457   1              }
 458          
 459          
 460                  /**
 461                   * @brief     ÂÆöÊó∂Âô®3‰∏≠Êñ≠ÂàùÂßãÂåñÂáΩÊï∞„ÄÇ
 462                   * @details   TIMER3 NVIC function.
 463                   * @param[in] run ‰ΩøËÉΩÊéßÂà∂‰Ωç„ÄÇenable control. 
 464                   * @return    FSC_SUCCESS ËøîÂõûÊàêÂäü„ÄÇReturn to success.
 465                   * @return    FSC_FAIL    ËøîÂõûÂ§±Ë¥•„ÄÇReturn to fail.
 466                  **/
 467                  FSCSTATE NVIC_TIMER3_Init(BOOL run)
 468                  {
 469   1                  IE2 = (IE2 & 0xDF) | (run << 5);
 470   1                  return FSC_SUCCESS;
 471   1              }
 472          
C51 COMPILER V9.01   STC8X_TIMER                                                           08/04/2021 11:57:18 PAGE 9   

 473                  /**
 474                   * @brief     ÂÆöÊó∂Âô®4‰∏≠Êñ≠ÂàùÂßãÂåñÂáΩÊï∞„ÄÇ
 475                   * @details   TIMER4 NVIC function.
 476                   * @param[in] run ‰ΩøËÉΩÊéßÂà∂‰Ωç„ÄÇenable control. 
 477                   * @return    FSC_SUCCESS ËøîÂõûÊàêÂäü„ÄÇReturn to success.
 478                   * @return    FSC_FAIL    ËøîÂõûÂ§±Ë¥•„ÄÇReturn to fail.
 479                  **/
 480                  FSCSTATE NVIC_TIMER4_Init(BOOL run)
 481                  {
 482   1                  IE2 = (IE2 & 0xBF) | (run << 6);
 483   1                  return FSC_SUCCESS;
 484   1              }
 485          
 486              #endif
 487                          
 488              #if (PER_LIB_TIMER_WORK_CTRL == 1)
 489                          
 490                  /**
 491                   * @brief     ÂÆöÊó∂Âô®0ËÆæÁΩÆÂÆöÊó∂Êó∂Èó¥ÂáΩÊï∞„ÄÇ
 492                   * @details   Timer 0 sets the timing function.
 493                   * @param[in] time ÂÆöÊó∂Êó∂Èó¥„ÄÇtiming. 
 494                   * @return    FSC_SUCCESS ËøîÂõûÊàêÂäü„ÄÇReturn to success.
 495                   * @return    FSC_FAIL    ËøîÂõûÂ§±Ë¥•„ÄÇReturn to fail.
 496                  **/
 497                  FSCSTATE TIMER0_Set_Time(uint32_t time)         
 498                          {
 499   1                  extern uint32_t Get_SysClk_FRE(void);
 500   1                  uint32_t sysClk_FRE;
 501   1                  /* Get system clock frequency */
 502   1                  sysClk_FRE = Get_SysClk_FRE();
 503   1                  TIMER0_TIM_CFG(time);
 504   1                              if((TMOD & 0x03) == 0x02) T0L = (uint8_t)(time), T0H = (uint8_t)(time); 
 505   1                  else              T0L = (uint8_t)(time), T0H = (uint8_t)(time >> 8);
 506   1                              return FSC_SUCCESS;
 507   1                      }
 508                          
 509                          
 510                  /**
 511                   * @brief     ÂÆöÊó∂Âô®1ËÆæÁΩÆÂÆöÊó∂Êó∂Èó¥ÂáΩÊï∞„ÄÇ
 512                   * @details   Timer 1 sets the timing function.
 513                   * @param[in] time ÂÆöÊó∂Êó∂Èó¥„ÄÇtiming. 
 514                   * @return    FSC_SUCCESS ËøîÂõûÊàêÂäü„ÄÇReturn to success.
 515                   * @return    FSC_FAIL    ËøîÂõûÂ§±Ë¥•„ÄÇReturn to fail.
 516                  **/
 517                  FSCSTATE TIMER1_Set_Time(uint32_t time)         
 518                          {
 519   1                  extern uint32_t Get_SysClk_FRE(void);
 520   1                  uint32_t sysClk_FRE;
 521   1                  /* Get system clock frequency */
 522   1                  sysClk_FRE = Get_SysClk_FRE();
 523   1                  TIMER0_TIM_CFG(time);
 524   1                              if((TMOD & 0x30) == 0x20) T1L = (uint8_t)(time), T1H = (uint8_t)(time); 
 525   1                  else              T1L = (uint8_t)(time), T1H = (uint8_t)(time >> 8);
 526   1                              return FSC_SUCCESS;
 527   1                      }               
 528                          
 529                          
 530                  /**
 531                   * @brief     ÂÆöÊó∂Âô®2ËÆæÁΩÆÂÆöÊó∂Êó∂Èó¥ÂáΩÊï∞„ÄÇ
 532                   * @details   Timer 2 sets the timing function.
 533                   * @param[in] time ÂÆöÊó∂Êó∂Èó¥„ÄÇtiming. 
 534                   * @return    FSC_SUCCESS ËøîÂõûÊàêÂäü„ÄÇReturn to success.
C51 COMPILER V9.01   STC8X_TIMER                                                           08/04/2021 11:57:18 PAGE 10  

 535                   * @return    FSC_FAIL    ËøîÂõûÂ§±Ë¥•„ÄÇReturn to fail.
 536                  **/
 537                          #if (PER_LIB_MCU_MUODEL == STC8Ax || PER_LIB_MCU_MUODEL == STC8Fx)
                                      FSCSTATE TIMER2_Set_Time(uint32_t time)
                              #elif (PER_LIB_MCU_MUODEL == STC8Cx || PER_LIB_MCU_MUODEL == STC8Gx || PER_LIB_MCU_MUODEL == STC8Hx)
 540                                  FSCSTATE TIMER2_Set_Time(uint8_t clkDiv,uint32_t time)  
 541                          #endif                  
 542                          {
 543   1                  extern uint32_t Get_SysClk_FRE(void);
 544   1                  uint32_t sysClk_FRE;
 545   1                  /* Get system clock frequency */
 546   1                  sysClk_FRE = Get_SysClk_FRE();
 547   1                              #if (PER_LIB_MCU_MUODEL == STC8Ax || PER_LIB_MCU_MUODEL == STC8Fx)
                                      {
                                              TIMER2_TIM_CFG(time);
                                      }
                                      #elif (PER_LIB_MCU_MUODEL == STC8Cx || PER_LIB_MCU_MUODEL == STC8Gx || PER_LIB_MCU_MUODEL == STC8Hx)
 552   1                              {
 553   2                                      EAXFR_ENABLE();
 554   2                      TM2PS = clkDiv;
 555   2                      TIMER2_TIM_CFG(time);
 556   2                      EAXFR_DISABLE();
 557   2                              }
 558   1                              #endif  
 559   1                  T2L = (uint8_t)(time), T2H = (uint8_t)(time >> 8);
 560   1                              return FSC_SUCCESS;
 561   1                      }               
 562          
 563                          
 564                  /**
 565                   * @brief     ÂÆöÊó∂Âô®3ËÆæÁΩÆÂÆöÊó∂Êó∂Èó¥ÂáΩÊï∞„ÄÇ
 566                   * @details   Timer 3 sets the timing function.
 567                   * @param[in] time ÂÆöÊó∂Êó∂Èó¥„ÄÇtiming. 
 568                   * @return    FSC_SUCCESS ËøîÂõûÊàêÂäü„ÄÇReturn to success.
 569                   * @return    FSC_FAIL    ËøîÂõûÂ§±Ë¥•„ÄÇReturn to fail.
 570                  **/
 571                          #if (PER_LIB_MCU_MUODEL == STC8Ax || PER_LIB_MCU_MUODEL == STC8Fx)
                                      FSCSTATE TIMER3_Set_Time(uint32_t time)
                              #elif (PER_LIB_MCU_MUODEL == STC8Cx || PER_LIB_MCU_MUODEL == STC8Gx || PER_LIB_MCU_MUODEL == STC8Hx)
 574                                  FSCSTATE TIMER3_Set_Time(uint8_t clkDiv,uint32_t time)  
 575                          #endif                  
 576                          {
 577   1                  extern uint32_t Get_SysClk_FRE(void);
 578   1                  uint32_t sysClk_FRE;
 579   1                  /* Get system clock frequency */
 580   1                  sysClk_FRE = Get_SysClk_FRE();
 581   1                              #if (PER_LIB_MCU_MUODEL == STC8Ax || PER_LIB_MCU_MUODEL == STC8Fx)
                                      {
                                              TIMER3_TIM_CFG(time);
                                      }
                                      #elif (PER_LIB_MCU_MUODEL == STC8Cx || PER_LIB_MCU_MUODEL == STC8Gx || PER_LIB_MCU_MUODEL == STC8Hx)
 586   1                              {
 587   2                                      EAXFR_ENABLE();
 588   2                      TM3PS = clkDiv;
 589   2                      TIMER3_TIM_CFG(time);
 590   2                      EAXFR_DISABLE();
 591   2                              }
 592   1                              #endif  
 593   1                  T3L = (uint8_t)(time), T3H = (uint8_t)(time >> 8);
 594   1                              return FSC_SUCCESS;
 595   1                      }               
 596          
C51 COMPILER V9.01   STC8X_TIMER                                                           08/04/2021 11:57:18 PAGE 11  

 597                  /**
 598                   * @brief     ÂÆöÊó∂Âô®4ËÆæÁΩÆÂÆöÊó∂Êó∂Èó¥ÂáΩÊï∞„ÄÇ
 599                   * @details   Timer 4 sets the timing function.
 600                   * @param[in] time ÂÆöÊó∂Êó∂Èó¥„ÄÇtiming. 
 601                   * @return    FSC_SUCCESS ËøîÂõûÊàêÂäü„ÄÇReturn to success.
 602                   * @return    FSC_FAIL    ËøîÂõûÂ§±Ë¥•„ÄÇReturn to fail.
 603                  **/
 604                          #if (PER_LIB_MCU_MUODEL == STC8Ax || PER_LIB_MCU_MUODEL == STC8Fx)
                                      FSCSTATE TIMER4_Set_Time(uint32_t time)
                              #elif (PER_LIB_MCU_MUODEL == STC8Cx || PER_LIB_MCU_MUODEL == STC8Gx || PER_LIB_MCU_MUODEL == STC8Hx)
 607                                  FSCSTATE TIMER4_Set_Time(uint8_t clkDiv,uint32_t time)  
 608                          #endif                  
 609                          {
 610   1                  extern uint32_t Get_SysClk_FRE(void);
 611   1                  uint32_t sysClk_FRE;
 612   1                  /* Get system clock frequency */
 613   1                  sysClk_FRE = Get_SysClk_FRE();
 614   1                              #if (PER_LIB_MCU_MUODEL == STC8Ax || PER_LIB_MCU_MUODEL == STC8Fx)
                                      {
                                              TIMER4_TIM_CFG(time);
                                      }
                                      #elif (PER_LIB_MCU_MUODEL == STC8Cx || PER_LIB_MCU_MUODEL == STC8Gx || PER_LIB_MCU_MUODEL == STC8Hx)
 619   1                              {
 620   2                                      EAXFR_ENABLE();
 621   2                      TM4PS = clkDiv;
 622   2                      TIMER4_TIM_CFG(time);
 623   2                      EAXFR_DISABLE();
 624   2                              }
 625   1                              #endif  
 626   1                  T4L = (uint8_t)(time), T4H = (uint8_t)(time >> 8);
 627   1                              return FSC_SUCCESS;
 628   1                      }               
 629                          
 630                  #endif
 631                          
 632                          
 633          #endif
 634          
 635          /*-----------------------------------------------------------------------
 636          |                   END OF FLIE.  (C) COPYRIGHT zeweni                  |
 637          -----------------------------------------------------------------------*/
 638          
 639          
 640          


MODULE INFORMATION:   STATIC OVERLAYABLE
   CODE SIZE        =   2004    ----
   CONSTANT SIZE    =   ----    ----
   XDATA SIZE       =      8      79
   PDATA SIZE       =   ----    ----
   DATA SIZE        =   ----    ----
   IDATA SIZE       =   ----    ----
   BIT SIZE         =   ----    ----
   EDATA SIZE       =   ----    ----
   HDATA SIZE       =   ----    ----
   XDATA CONST SIZE =   ----    ----
   FAR CONST SIZE   =   ----    ----
END OF MODULE INFORMATION.


C51 COMPILATION COMPLETE.  0 WARNING(S),  0 ERROR(S)
