C51 COMPILER V9.01   STC8X_RST                                                             08/04/2021 11:57:18 PAGE 1   


C51 COMPILER V9.01, COMPILATION OF MODULE STC8X_RST
OBJECT MODULE PLACED IN .\build\STC8x_RST.obj
COMPILER INVOKED BY: D:\Keil_v5\C51\BIN\C51.EXE ..\..\libraries\peripherals\STC8x\src\STC8x_RST.c LARGE OMF2 OPTIMIZE(9,
                    -SPEED) BROWSE INCDIR(..\..\libraries;..\..\libraries\core;..\..\libraries\core\register\STC8x;..\..\libraries\core\start
                    -up\STC8x;..\..\libraries\drives;..\..\libraries\drives\KeyScan;..\..\libraries\peripherals;..\..\libraries\peripherals\S
                    -TC8x\inc;..\..\libraries\peripherals\STC8x\src;..\..\libraries\components;..\..\libraries\components\TMT;..\..\libraries
                    -\components\PrintfRed;..\..\libraries\components\PreDelay;.\main;.\application) DEBUG PRINT(.\build\STC8x_RST.lst) OBJEC
                    -T(.\build\STC8x_RST.obj)

line level    source

   1          /*-----------------------------------------------------------------------
   2          |                            FILE DESCRIPTION                           |
   3          -----------------------------------------------------------------------*/
   4          /*----------------------------------------------------------------------
   5            - File name     : STC8x_RST.c
   6            - Author        : zeweni
   7            - Update date   : 2020.02.06
   8            -     Copyright(C)  : 2020-2021 zeweni. All rights reserved.
   9          -----------------------------------------------------------------------*/
  10          /*------------------------------------------------------------------------
  11          |                            COPYRIGHT NOTICE                            |
  12          ------------------------------------------------------------------------*/
  13          /*
  14           * Copyright (C) 2021, zeweni (17870070675@163.com)
  15          
  16           * This file is part of 8051 ELL low-layer libraries.
  17          
  18           * 8051 ELL low-layer libraries is free software: you can redistribute 
  19           * it and/or modify it under the terms of the Apache-2.0 License.
  20          
  21           * 8051 ELL low-layer libraries is distributed in the hope that it will 
  22           * be useful,but WITHOUT ANY WARRANTY; without even the implied warranty 
  23           * of MERCHANTABILITY or FITNESS FOR A PARTICULAR PURPOSE. See the 
  24           * Apache-2.0 License for more details.
  25          
  26           * You should have received a copy of the Apache-2.0 License.8051 ELL 
  27           * low-layer libraries. If not, see <http://www.apache.org/licenses/>.
  28          **/
  29          /*-----------------------------------------------------------------------
  30          |                               INCLUDES                                |
  31          -----------------------------------------------------------------------*/
  32          #include "STC8x_RST.h"
  33          /*-----------------------------------------------------------------------
  34          |                                 DATA                                  |
  35          -----------------------------------------------------------------------*/
  36          /* None */
  37          /*-----------------------------------------------------------------------
  38          |                               FUNCTION                                |
  39          -----------------------------------------------------------------------*/
  40          #if (PER_LIB_RST_CTRL == 1)
  41                  
  42                  #if (PER_LIB_RST_INIT_CTRL == 1)
  43          
  44                          /**
  45                           * @brief       低压复位函数，可以选择不同低压复位标准。
  46                           * @details     Low voltage reset function, 
  47                           *              you can select different low voltage reset standards.
  48                           * @param[in]   lvDiv   低压复位标准。low voltage reset standards.
  49                           * @param[in]   run     使能控制位。 Enable control bit.
  50                           * @return      FSC_SUCCESS 返回成功。Return to success.
C51 COMPILER V9.01   STC8X_RST                                                             08/04/2021 11:57:18 PAGE 2   

  51                           * @return      FSC_FAIL    返回失败。Return to fail.
  52                          **/
  53                          FSCSTATE LVD_RST_Init(LVDRstDiv_Type lvDiv, BOOL run)
  54                          {
  55   1                              RSTCFG = (RSTCFG & 0xFC) | lvDiv;
  56   1                              RSTCFG = (RSTCFG & 0xEF) | (run << 6);
  57   1                              return FSC_SUCCESS;
  58   1                      }
  59          
  60                  #endif
  61                  #if (PER_LIB_RST_WORK_CTRL == 1)
  62                          /**
  63                           * @brief        软件复位控制函数。
  64                           * @details     Software reset function.
  65                           * @param[in]   choice   复位方式选择。Reset mode selection.
  66                           * @param[in]   run      使能控制位。 Enable control bit.
  67                           * @return      FSC_SUCCESS 返回成功。Return to success.
  68                           * @return      FSC_FAIL    返回失败。Return to fail.
  69                          **/
  70                          FSCSTATE SFW_RST_Ctrl(RSTChoice_Type choice, BOOL run)
  71                          {
  72   1                              IAP_CONTR = (IAP_CONTR & 0xBF) | (choice << 6);
  73   1                              IAP_CONTR = (IAP_CONTR & 0xDF) | (run << 5);
  74   1                              return FSC_SUCCESS;
  75   1                      }
  76          
  77          
  78                          /**
  79                           * @brief    软件复位自动下载功能，需要在串口中断里调用，
  80                           *           需要在STC-ISP助手里设置下载口令：10个0x7F。
  81                           * @details  Software reset automatic download function, 
  82                           *                       need to be called in serial interrupt,
  83                           *                       The download password needs to be 
  84                           *                       set in the STC-ISP assistant: 10 0x7F.
  85                           * @param    None.
  86                           * @return   None.
  87                          **/
  88                          void Auto_RST_download(void)
  89                          {
  90   1                        static uint8_t semCont = 0;
  91   1                        if(SBUF == 0x7F || SBUF == 0x80) 
  92   1                        {
  93   2                              if(++semCont >= 10)
  94   2                              {
  95   3                                semCont = 0;
  96   3                                IAP_CONTR = 0x60;
  97   3                              }
  98   2                        }
  99   1                        else
 100   1                        {
 101   2                              semCont = 0;
 102   2                        }
 103   1                      }
 104                          
 105                  #endif
 106                          
 107          #endif
 108          /*-----------------------------------------------------------------------
 109          |                   END OF FLIE.  (C) COPYRIGHT zeweni                  |
 110          -----------------------------------------------------------------------*/
 111          
 112          
C51 COMPILER V9.01   STC8X_RST                                                             08/04/2021 11:57:18 PAGE 3   

 113          


MODULE INFORMATION:   STATIC OVERLAYABLE
   CODE SIZE        =     92    ----
   CONSTANT SIZE    =   ----    ----
   XDATA SIZE       =      1    ----
   PDATA SIZE       =   ----    ----
   DATA SIZE        =   ----    ----
   IDATA SIZE       =   ----    ----
   BIT SIZE         =   ----    ----
   EDATA SIZE       =   ----    ----
   HDATA SIZE       =   ----    ----
   XDATA CONST SIZE =   ----    ----
   FAR CONST SIZE   =   ----    ----
END OF MODULE INFORMATION.


C51 COMPILATION COMPLETE.  0 WARNING(S),  0 ERROR(S)
